[2018-05-01T19:58:00,399][INFO ][o.e.n.Node               ] [] initializing ...
[2018-05-01T19:58:00,836][INFO ][o.e.e.NodeEnvironment    ] [ONchXvr] using [1] data paths, mounts [[/ (/dev/disk1)]], net usable_space [6.4gb], net total_space [232.6gb], spins? [unknown], types [hfs]
[2018-05-01T19:58:00,837][INFO ][o.e.e.NodeEnvironment    ] [ONchXvr] heap size [1.9gb], compressed ordinary object pointers [true]
[2018-05-01T19:58:00,842][INFO ][o.e.n.Node               ] node name [ONchXvr] derived from node ID [ONchXvrySBCTvcPUSMc4Jg]; set [node.name] to override
[2018-05-01T19:58:00,842][INFO ][o.e.n.Node               ] version[5.6.8], pid[2057], build[688ecce/2018-02-16T16:46:30.010Z], OS[Mac OS X/10.10.5/x86_64], JVM[Oracle Corporation/Java HotSpot(TM) 64-Bit Server VM/1.8.0_112/25.112-b16]
[2018-05-01T19:58:00,843][INFO ][o.e.n.Node               ] JVM arguments [-Xms2g, -Xmx2g, -XX:+UseConcMarkSweepGC, -XX:CMSInitiatingOccupancyFraction=75, -XX:+UseCMSInitiatingOccupancyOnly, -XX:+AlwaysPreTouch, -Xss1m, -Djava.awt.headless=true, -Dfile.encoding=UTF-8, -Djna.nosys=true, -Djdk.io.permissionsUseCanonicalPath=true, -Dio.netty.noUnsafe=true, -Dio.netty.noKeySetOptimization=true, -Dio.netty.recycler.maxCapacityPerThread=0, -Dlog4j.shutdownHookEnabled=false, -Dlog4j2.disable.jmx=true, -Dlog4j.skipJansi=true, -XX:+HeapDumpOnOutOfMemoryError, -Des.path.home=/Users/jack/Desktop/person/springboot/资料/第12章/elasticsearch-5.6.8]
[2018-05-01T19:58:03,775][INFO ][o.e.p.PluginsService     ] [ONchXvr] loaded module [aggs-matrix-stats]
[2018-05-01T19:58:03,775][INFO ][o.e.p.PluginsService     ] [ONchXvr] loaded module [ingest-common]
[2018-05-01T19:58:03,776][INFO ][o.e.p.PluginsService     ] [ONchXvr] loaded module [lang-expression]
[2018-05-01T19:58:03,776][INFO ][o.e.p.PluginsService     ] [ONchXvr] loaded module [lang-groovy]
[2018-05-01T19:58:03,776][INFO ][o.e.p.PluginsService     ] [ONchXvr] loaded module [lang-mustache]
[2018-05-01T19:58:03,777][INFO ][o.e.p.PluginsService     ] [ONchXvr] loaded module [lang-painless]
[2018-05-01T19:58:03,777][INFO ][o.e.p.PluginsService     ] [ONchXvr] loaded module [parent-join]
[2018-05-01T19:58:03,777][INFO ][o.e.p.PluginsService     ] [ONchXvr] loaded module [percolator]
[2018-05-01T19:58:03,778][INFO ][o.e.p.PluginsService     ] [ONchXvr] loaded module [reindex]
[2018-05-01T19:58:03,778][INFO ][o.e.p.PluginsService     ] [ONchXvr] loaded module [transport-netty3]
[2018-05-01T19:58:03,778][INFO ][o.e.p.PluginsService     ] [ONchXvr] loaded module [transport-netty4]
[2018-05-01T19:58:03,779][INFO ][o.e.p.PluginsService     ] [ONchXvr] no plugins loaded
[2018-05-01T19:58:09,838][INFO ][o.e.d.DiscoveryModule    ] [ONchXvr] using discovery type [zen]
[2018-05-01T19:58:11,311][INFO ][o.e.n.Node               ] initialized
[2018-05-01T19:58:11,311][INFO ][o.e.n.Node               ] [ONchXvr] starting ...
[2018-05-01T19:58:12,155][INFO ][o.e.t.TransportService   ] [ONchXvr] publish_address {127.0.0.1:9300}, bound_addresses {[::1]:9300}, {127.0.0.1:9300}
[2018-05-01T19:58:15,300][INFO ][o.e.c.s.ClusterService   ] [ONchXvr] new_master {ONchXvr}{ONchXvrySBCTvcPUSMc4Jg}{OZqAOIOuRnCt4Oe78-LvCA}{127.0.0.1}{127.0.0.1:9300}, reason: zen-disco-elected-as-master ([0] nodes joined)
[2018-05-01T19:58:15,339][INFO ][o.e.h.n.Netty4HttpServerTransport] [ONchXvr] publish_address {127.0.0.1:9200}, bound_addresses {[::1]:9200}, {127.0.0.1:9200}
[2018-05-01T19:58:15,340][INFO ][o.e.n.Node               ] [ONchXvr] started
[2018-05-01T19:58:15,349][INFO ][o.e.g.GatewayService     ] [ONchXvr] recovered [0] indices into cluster_state
[2018-05-01T19:58:45,338][WARN ][o.e.c.r.a.DiskThresholdMonitor] [ONchXvr] high disk watermark [90%] exceeded on [ONchXvrySBCTvcPUSMc4Jg][ONchXvr][/Users/jack/Desktop/person/springboot/资料/第12章/elasticsearch-5.6.8/data/nodes/0] free: 6.4gb[2.7%], shards will be relocated away from this node
[2018-05-01T19:58:45,349][INFO ][o.e.c.r.a.DiskThresholdMonitor] [ONchXvr] rerouting shards: [high disk watermark exceeded on one or more nodes]
[2018-05-01T19:59:15,364][WARN ][o.e.c.r.a.DiskThresholdMonitor] [ONchXvr] high disk watermark [90%] exceeded on [ONchXvrySBCTvcPUSMc4Jg][ONchXvr][/Users/jack/Desktop/person/springboot/资料/第12章/elasticsearch-5.6.8/data/nodes/0] free: 6.4gb[2.7%], shards will be relocated away from this node
[2018-05-01T19:59:45,374][WARN ][o.e.c.r.a.DiskThresholdMonitor] [ONchXvr] high disk watermark [90%] exceeded on [ONchXvrySBCTvcPUSMc4Jg][ONchXvr][/Users/jack/Desktop/person/springboot/资料/第12章/elasticsearch-5.6.8/data/nodes/0] free: 6.3gb[2.7%], shards will be relocated away from this node
[2018-05-01T19:59:45,377][INFO ][o.e.c.r.a.DiskThresholdMonitor] [ONchXvr] rerouting shards: [high disk watermark exceeded on one or more nodes]
[2018-05-01T20:00:15,387][WARN ][o.e.c.r.a.DiskThresholdMonitor] [ONchXvr] high disk watermark [90%] exceeded on [ONchXvrySBCTvcPUSMc4Jg][ONchXvr][/Users/jack/Desktop/person/springboot/资料/第12章/elasticsearch-5.6.8/data/nodes/0] free: 6.3gb[2.7%], shards will be relocated away from this node
[2018-05-01T20:00:45,394][WARN ][o.e.c.r.a.DiskThresholdMonitor] [ONchXvr] high disk watermark [90%] exceeded on [ONchXvrySBCTvcPUSMc4Jg][ONchXvr][/Users/jack/Desktop/person/springboot/资料/第12章/elasticsearch-5.6.8/data/nodes/0] free: 6.3gb[2.7%], shards will be relocated away from this node
[2018-05-01T20:00:45,396][INFO ][o.e.c.r.a.DiskThresholdMonitor] [ONchXvr] rerouting shards: [high disk watermark exceeded on one or more nodes]
[2018-05-01T20:01:15,404][WARN ][o.e.c.r.a.DiskThresholdMonitor] [ONchXvr] high disk watermark [90%] exceeded on [ONchXvrySBCTvcPUSMc4Jg][ONchXvr][/Users/jack/Desktop/person/springboot/资料/第12章/elasticsearch-5.6.8/data/nodes/0] free: 6.3gb[2.7%], shards will be relocated away from this node
[2018-05-01T20:01:45,418][WARN ][o.e.c.r.a.DiskThresholdMonitor] [ONchXvr] high disk watermark [90%] exceeded on [ONchXvrySBCTvcPUSMc4Jg][ONchXvr][/Users/jack/Desktop/person/springboot/资料/第12章/elasticsearch-5.6.8/data/nodes/0] free: 6.3gb[2.7%], shards will be relocated away from this node
[2018-05-01T20:01:45,421][INFO ][o.e.c.r.a.DiskThresholdMonitor] [ONchXvr] rerouting shards: [high disk watermark exceeded on one or more nodes]
[2018-05-01T20:02:15,441][WARN ][o.e.c.r.a.DiskThresholdMonitor] [ONchXvr] high disk watermark [90%] exceeded on [ONchXvrySBCTvcPUSMc4Jg][ONchXvr][/Users/jack/Desktop/person/springboot/资料/第12章/elasticsearch-5.6.8/data/nodes/0] free: 6.3gb[2.7%], shards will be relocated away from this node
[2018-05-01T20:02:45,451][WARN ][o.e.c.r.a.DiskThresholdMonitor] [ONchXvr] high disk watermark [90%] exceeded on [ONchXvrySBCTvcPUSMc4Jg][ONchXvr][/Users/jack/Desktop/person/springboot/资料/第12章/elasticsearch-5.6.8/data/nodes/0] free: 6.2gb[2.7%], shards will be relocated away from this node
[2018-05-01T20:02:45,453][INFO ][o.e.c.r.a.DiskThresholdMonitor] [ONchXvr] rerouting shards: [high disk watermark exceeded on one or more nodes]
[2018-05-01T20:02:46,599][INFO ][o.e.n.Node               ] [ONchXvr] stopping ...
[2018-05-01T20:02:46,650][INFO ][o.e.n.Node               ] [ONchXvr] stopped
[2018-05-01T20:02:46,650][INFO ][o.e.n.Node               ] [ONchXvr] closing ...
[2018-05-01T20:02:46,671][INFO ][o.e.n.Node               ] [ONchXvr] closed
[2018-05-01T20:05:21,650][INFO ][o.e.n.Node               ] [] initializing ...
[2018-05-01T20:05:21,979][INFO ][o.e.e.NodeEnvironment    ] [ONchXvr] using [1] data paths, mounts [[/ (/dev/disk1)]], net usable_space [6.2gb], net total_space [232.6gb], spins? [unknown], types [hfs]
[2018-05-01T20:05:21,979][INFO ][o.e.e.NodeEnvironment    ] [ONchXvr] heap size [1.9gb], compressed ordinary object pointers [true]
[2018-05-01T20:05:21,981][INFO ][o.e.n.Node               ] node name [ONchXvr] derived from node ID [ONchXvrySBCTvcPUSMc4Jg]; set [node.name] to override
[2018-05-01T20:05:21,982][INFO ][o.e.n.Node               ] version[5.6.8], pid[2118], build[688ecce/2018-02-16T16:46:30.010Z], OS[Mac OS X/10.10.5/x86_64], JVM[Oracle Corporation/Java HotSpot(TM) 64-Bit Server VM/1.8.0_112/25.112-b16]
[2018-05-01T20:05:21,982][INFO ][o.e.n.Node               ] JVM arguments [-Xms2g, -Xmx2g, -XX:+UseConcMarkSweepGC, -XX:CMSInitiatingOccupancyFraction=75, -XX:+UseCMSInitiatingOccupancyOnly, -XX:+AlwaysPreTouch, -Xss1m, -Djava.awt.headless=true, -Dfile.encoding=UTF-8, -Djna.nosys=true, -Djdk.io.permissionsUseCanonicalPath=true, -Dio.netty.noUnsafe=true, -Dio.netty.noKeySetOptimization=true, -Dio.netty.recycler.maxCapacityPerThread=0, -Dlog4j.shutdownHookEnabled=false, -Dlog4j2.disable.jmx=true, -Dlog4j.skipJansi=true, -XX:+HeapDumpOnOutOfMemoryError, -Des.path.home=/Users/jack/Desktop/person/springboot/资料/第12章/elasticsearch-5.6.8]
[2018-05-01T20:05:24,849][INFO ][o.e.p.PluginsService     ] [ONchXvr] loaded module [aggs-matrix-stats]
[2018-05-01T20:05:24,849][INFO ][o.e.p.PluginsService     ] [ONchXvr] loaded module [ingest-common]
[2018-05-01T20:05:24,850][INFO ][o.e.p.PluginsService     ] [ONchXvr] loaded module [lang-expression]
[2018-05-01T20:05:24,850][INFO ][o.e.p.PluginsService     ] [ONchXvr] loaded module [lang-groovy]
[2018-05-01T20:05:24,850][INFO ][o.e.p.PluginsService     ] [ONchXvr] loaded module [lang-mustache]
[2018-05-01T20:05:24,851][INFO ][o.e.p.PluginsService     ] [ONchXvr] loaded module [lang-painless]
[2018-05-01T20:05:24,851][INFO ][o.e.p.PluginsService     ] [ONchXvr] loaded module [parent-join]
[2018-05-01T20:05:24,851][INFO ][o.e.p.PluginsService     ] [ONchXvr] loaded module [percolator]
[2018-05-01T20:05:24,852][INFO ][o.e.p.PluginsService     ] [ONchXvr] loaded module [reindex]
[2018-05-01T20:05:24,852][INFO ][o.e.p.PluginsService     ] [ONchXvr] loaded module [transport-netty3]
[2018-05-01T20:05:24,852][INFO ][o.e.p.PluginsService     ] [ONchXvr] loaded module [transport-netty4]
[2018-05-01T20:05:24,853][INFO ][o.e.p.PluginsService     ] [ONchXvr] no plugins loaded
[2018-05-01T20:05:31,008][INFO ][o.e.d.DiscoveryModule    ] [ONchXvr] using discovery type [zen]
[2018-05-01T20:05:32,542][INFO ][o.e.n.Node               ] initialized
[2018-05-01T20:05:32,543][INFO ][o.e.n.Node               ] [ONchXvr] starting ...
[2018-05-01T20:05:33,294][INFO ][o.e.t.TransportService   ] [ONchXvr] publish_address {172.20.10.3:9300}, bound_addresses {[::]:9300}
[2018-05-01T20:05:33,307][INFO ][o.e.b.BootstrapChecks    ] [ONchXvr] bound or publishing to a non-loopback address, enforcing bootstrap checks
[2018-05-01T20:05:36,406][INFO ][o.e.c.s.ClusterService   ] [ONchXvr] new_master {ONchXvr}{ONchXvrySBCTvcPUSMc4Jg}{fJEVfyxHRBC5rFwT4m8P4g}{172.20.10.3}{172.20.10.3:9300}, reason: zen-disco-elected-as-master ([0] nodes joined)
[2018-05-01T20:05:36,464][INFO ][o.e.h.n.Netty4HttpServerTransport] [ONchXvr] publish_address {172.20.10.3:9200}, bound_addresses {[::]:9200}
[2018-05-01T20:05:36,464][INFO ][o.e.n.Node               ] [ONchXvr] started
[2018-05-01T20:05:36,471][INFO ][o.e.g.GatewayService     ] [ONchXvr] recovered [0] indices into cluster_state
[2018-05-01T20:06:06,450][WARN ][o.e.c.r.a.DiskThresholdMonitor] [ONchXvr] high disk watermark [90%] exceeded on [ONchXvrySBCTvcPUSMc4Jg][ONchXvr][/Users/jack/Desktop/person/springboot/资料/第12章/elasticsearch-5.6.8/data/nodes/0] free: 6.1gb[2.6%], shards will be relocated away from this node
[2018-05-01T20:06:06,456][INFO ][o.e.c.r.a.DiskThresholdMonitor] [ONchXvr] rerouting shards: [high disk watermark exceeded on one or more nodes]
[2018-05-01T20:06:36,474][WARN ][o.e.c.r.a.DiskThresholdMonitor] [ONchXvr] high disk watermark [90%] exceeded on [ONchXvrySBCTvcPUSMc4Jg][ONchXvr][/Users/jack/Desktop/person/springboot/资料/第12章/elasticsearch-5.6.8/data/nodes/0] free: 6.1gb[2.6%], shards will be relocated away from this node
[2018-05-01T20:07:06,483][WARN ][o.e.c.r.a.DiskThresholdMonitor] [ONchXvr] high disk watermark [90%] exceeded on [ONchXvrySBCTvcPUSMc4Jg][ONchXvr][/Users/jack/Desktop/person/springboot/资料/第12章/elasticsearch-5.6.8/data/nodes/0] free: 6.1gb[2.6%], shards will be relocated away from this node
[2018-05-01T20:07:06,486][INFO ][o.e.c.r.a.DiskThresholdMonitor] [ONchXvr] rerouting shards: [high disk watermark exceeded on one or more nodes]
[2018-05-01T20:07:36,495][WARN ][o.e.c.r.a.DiskThresholdMonitor] [ONchXvr] high disk watermark [90%] exceeded on [ONchXvrySBCTvcPUSMc4Jg][ONchXvr][/Users/jack/Desktop/person/springboot/资料/第12章/elasticsearch-5.6.8/data/nodes/0] free: 6gb[2.6%], shards will be relocated away from this node
[2018-05-01T20:08:06,504][WARN ][o.e.c.r.a.DiskThresholdMonitor] [ONchXvr] high disk watermark [90%] exceeded on [ONchXvrySBCTvcPUSMc4Jg][ONchXvr][/Users/jack/Desktop/person/springboot/资料/第12章/elasticsearch-5.6.8/data/nodes/0] free: 6gb[2.6%], shards will be relocated away from this node
[2018-05-01T20:08:06,507][INFO ][o.e.c.r.a.DiskThresholdMonitor] [ONchXvr] rerouting shards: [high disk watermark exceeded on one or more nodes]
[2018-05-01T20:08:36,515][WARN ][o.e.c.r.a.DiskThresholdMonitor] [ONchXvr] high disk watermark [90%] exceeded on [ONchXvrySBCTvcPUSMc4Jg][ONchXvr][/Users/jack/Desktop/person/springboot/资料/第12章/elasticsearch-5.6.8/data/nodes/0] free: 6gb[2.5%], shards will be relocated away from this node
[2018-05-01T20:09:06,522][WARN ][o.e.c.r.a.DiskThresholdMonitor] [ONchXvr] high disk watermark [90%] exceeded on [ONchXvrySBCTvcPUSMc4Jg][ONchXvr][/Users/jack/Desktop/person/springboot/资料/第12章/elasticsearch-5.6.8/data/nodes/0] free: 6gb[2.5%], shards will be relocated away from this node
[2018-05-01T20:09:06,522][INFO ][o.e.c.r.a.DiskThresholdMonitor] [ONchXvr] rerouting shards: [high disk watermark exceeded on one or more nodes]
[2018-05-01T20:09:36,528][WARN ][o.e.c.r.a.DiskThresholdMonitor] [ONchXvr] high disk watermark [90%] exceeded on [ONchXvrySBCTvcPUSMc4Jg][ONchXvr][/Users/jack/Desktop/person/springboot/资料/第12章/elasticsearch-5.6.8/data/nodes/0] free: 5.9gb[2.5%], shards will be relocated away from this node
[2018-05-01T20:09:38,694][INFO ][o.e.c.m.MetaDataCreateIndexService] [ONchXvr] [customer] creating index, cause [api], templates [], shards [5]/[1], mappings []
[2018-05-01T20:10:06,543][WARN ][o.e.c.r.a.DiskThresholdMonitor] [ONchXvr] high disk watermark [90%] exceeded on [ONchXvrySBCTvcPUSMc4Jg][ONchXvr][/Users/jack/Desktop/person/springboot/资料/第12章/elasticsearch-5.6.8/data/nodes/0] free: 5.9gb[2.5%], shards will be relocated away from this node
[2018-05-01T20:10:06,551][INFO ][o.e.c.r.a.DiskThresholdMonitor] [ONchXvr] rerouting shards: [high disk watermark exceeded on one or more nodes]
[2018-05-01T20:10:36,578][WARN ][o.e.c.r.a.DiskThresholdMonitor] [ONchXvr] high disk watermark [90%] exceeded on [ONchXvrySBCTvcPUSMc4Jg][ONchXvr][/Users/jack/Desktop/person/springboot/资料/第12章/elasticsearch-5.6.8/data/nodes/0] free: 5.9gb[2.5%], shards will be relocated away from this node
[2018-05-01T20:10:52,533][INFO ][o.e.c.m.MetaDataMappingService] [ONchXvr] [customer/YeJr-8QURA2x8H2MnfWt7g] create_mapping [external]
[2018-05-01T20:11:06,601][WARN ][o.e.c.r.a.DiskThresholdMonitor] [ONchXvr] high disk watermark [90%] exceeded on [ONchXvrySBCTvcPUSMc4Jg][ONchXvr][/Users/jack/Desktop/person/springboot/资料/第12章/elasticsearch-5.6.8/data/nodes/0] free: 5.9gb[2.5%], shards will be relocated away from this node
[2018-05-01T20:11:06,604][INFO ][o.e.c.r.a.DiskThresholdMonitor] [ONchXvr] rerouting shards: [high disk watermark exceeded on one or more nodes]
[2018-05-01T20:11:36,618][WARN ][o.e.c.r.a.DiskThresholdMonitor] [ONchXvr] high disk watermark [90%] exceeded on [ONchXvrySBCTvcPUSMc4Jg][ONchXvr][/Users/jack/Desktop/person/springboot/资料/第12章/elasticsearch-5.6.8/data/nodes/0] free: 5.8gb[2.5%], shards will be relocated away from this node
[2018-05-01T20:12:06,634][WARN ][o.e.c.r.a.DiskThresholdMonitor] [ONchXvr] high disk watermark [90%] exceeded on [ONchXvrySBCTvcPUSMc4Jg][ONchXvr][/Users/jack/Desktop/person/springboot/资料/第12章/elasticsearch-5.6.8/data/nodes/0] free: 5.8gb[2.5%], shards will be relocated away from this node
[2018-05-01T20:12:06,634][INFO ][o.e.c.r.a.DiskThresholdMonitor] [ONchXvr] rerouting shards: [high disk watermark exceeded on one or more nodes]
[2018-05-01T20:12:36,647][WARN ][o.e.c.r.a.DiskThresholdMonitor] [ONchXvr] high disk watermark [90%] exceeded on [ONchXvrySBCTvcPUSMc4Jg][ONchXvr][/Users/jack/Desktop/person/springboot/资料/第12章/elasticsearch-5.6.8/data/nodes/0] free: 5.8gb[2.5%], shards will be relocated away from this node
[2018-05-01T20:13:06,669][WARN ][o.e.c.r.a.DiskThresholdMonitor] [ONchXvr] high disk watermark [90%] exceeded on [ONchXvrySBCTvcPUSMc4Jg][ONchXvr][/Users/jack/Desktop/person/springboot/资料/第12章/elasticsearch-5.6.8/data/nodes/0] free: 5.8gb[2.4%], shards will be relocated away from this node
[2018-05-01T20:13:06,673][INFO ][o.e.c.r.a.DiskThresholdMonitor] [ONchXvr] rerouting shards: [high disk watermark exceeded on one or more nodes]
[2018-05-01T20:13:36,728][WARN ][o.e.c.r.a.DiskThresholdMonitor] [ONchXvr] high disk watermark [90%] exceeded on [ONchXvrySBCTvcPUSMc4Jg][ONchXvr][/Users/jack/Desktop/person/springboot/资料/第12章/elasticsearch-5.6.8/data/nodes/0] free: 5.8gb[2.4%], shards will be relocated away from this node
[2018-05-01T20:14:06,748][WARN ][o.e.c.r.a.DiskThresholdMonitor] [ONchXvr] high disk watermark [90%] exceeded on [ONchXvrySBCTvcPUSMc4Jg][ONchXvr][/Users/jack/Desktop/person/springboot/资料/第12章/elasticsearch-5.6.8/data/nodes/0] free: 5.8gb[2.4%], shards will be relocated away from this node
[2018-05-01T20:14:06,750][INFO ][o.e.c.r.a.DiskThresholdMonitor] [ONchXvr] rerouting shards: [high disk watermark exceeded on one or more nodes]
[2018-05-01T20:14:36,768][WARN ][o.e.c.r.a.DiskThresholdMonitor] [ONchXvr] high disk watermark [90%] exceeded on [ONchXvrySBCTvcPUSMc4Jg][ONchXvr][/Users/jack/Desktop/person/springboot/资料/第12章/elasticsearch-5.6.8/data/nodes/0] free: 5.8gb[2.4%], shards will be relocated away from this node
[2018-05-01T20:14:53,982][INFO ][o.e.n.Node               ] [ONchXvr] stopping ...
[2018-05-01T20:14:54,087][INFO ][o.e.n.Node               ] [ONchXvr] stopped
[2018-05-01T20:14:54,088][INFO ][o.e.n.Node               ] [ONchXvr] closing ...
[2018-05-01T20:14:54,101][INFO ][o.e.n.Node               ] [ONchXvr] closed
[2018-05-01T20:14:59,490][INFO ][o.e.n.Node               ] [] initializing ...
[2018-05-01T20:14:59,615][INFO ][o.e.e.NodeEnvironment    ] [ONchXvr] using [1] data paths, mounts [[/ (/dev/disk1)]], net usable_space [5.8gb], net total_space [232.6gb], spins? [unknown], types [hfs]
[2018-05-01T20:14:59,616][INFO ][o.e.e.NodeEnvironment    ] [ONchXvr] heap size [1.9gb], compressed ordinary object pointers [true]
[2018-05-01T20:14:59,648][INFO ][o.e.n.Node               ] node name [ONchXvr] derived from node ID [ONchXvrySBCTvcPUSMc4Jg]; set [node.name] to override
[2018-05-01T20:14:59,648][INFO ][o.e.n.Node               ] version[5.6.8], pid[2161], build[688ecce/2018-02-16T16:46:30.010Z], OS[Mac OS X/10.10.5/x86_64], JVM[Oracle Corporation/Java HotSpot(TM) 64-Bit Server VM/1.8.0_112/25.112-b16]
[2018-05-01T20:14:59,648][INFO ][o.e.n.Node               ] JVM arguments [-Xms2g, -Xmx2g, -XX:+UseConcMarkSweepGC, -XX:CMSInitiatingOccupancyFraction=75, -XX:+UseCMSInitiatingOccupancyOnly, -XX:+AlwaysPreTouch, -Xss1m, -Djava.awt.headless=true, -Dfile.encoding=UTF-8, -Djna.nosys=true, -Djdk.io.permissionsUseCanonicalPath=true, -Dio.netty.noUnsafe=true, -Dio.netty.noKeySetOptimization=true, -Dio.netty.recycler.maxCapacityPerThread=0, -Dlog4j.shutdownHookEnabled=false, -Dlog4j2.disable.jmx=true, -Dlog4j.skipJansi=true, -XX:+HeapDumpOnOutOfMemoryError, -Des.path.home=/Users/jack/Desktop/person/springboot/资料/第12章/elasticsearch-5.6.8]
[2018-05-01T20:15:01,585][INFO ][o.e.p.PluginsService     ] [ONchXvr] loaded module [aggs-matrix-stats]
[2018-05-01T20:15:01,586][INFO ][o.e.p.PluginsService     ] [ONchXvr] loaded module [ingest-common]
[2018-05-01T20:15:01,586][INFO ][o.e.p.PluginsService     ] [ONchXvr] loaded module [lang-expression]
[2018-05-01T20:15:01,586][INFO ][o.e.p.PluginsService     ] [ONchXvr] loaded module [lang-groovy]
[2018-05-01T20:15:01,586][INFO ][o.e.p.PluginsService     ] [ONchXvr] loaded module [lang-mustache]
[2018-05-01T20:15:01,586][INFO ][o.e.p.PluginsService     ] [ONchXvr] loaded module [lang-painless]
[2018-05-01T20:15:01,587][INFO ][o.e.p.PluginsService     ] [ONchXvr] loaded module [parent-join]
[2018-05-01T20:15:01,587][INFO ][o.e.p.PluginsService     ] [ONchXvr] loaded module [percolator]
[2018-05-01T20:15:01,587][INFO ][o.e.p.PluginsService     ] [ONchXvr] loaded module [reindex]
[2018-05-01T20:15:01,587][INFO ][o.e.p.PluginsService     ] [ONchXvr] loaded module [transport-netty3]
[2018-05-01T20:15:01,587][INFO ][o.e.p.PluginsService     ] [ONchXvr] loaded module [transport-netty4]
[2018-05-01T20:15:01,588][INFO ][o.e.p.PluginsService     ] [ONchXvr] no plugins loaded
[2018-05-01T20:15:03,707][INFO ][o.e.d.DiscoveryModule    ] [ONchXvr] using discovery type [zen]
[2018-05-01T20:15:04,760][INFO ][o.e.n.Node               ] initialized
[2018-05-01T20:15:04,761][INFO ][o.e.n.Node               ] [ONchXvr] starting ...
[2018-05-01T20:15:05,017][INFO ][o.e.t.TransportService   ] [ONchXvr] publish_address {172.20.10.3:9300}, bound_addresses {[::]:9300}
[2018-05-01T20:15:05,031][INFO ][o.e.b.BootstrapChecks    ] [ONchXvr] bound or publishing to a non-loopback address, enforcing bootstrap checks
[2018-05-01T20:15:08,103][INFO ][o.e.c.s.ClusterService   ] [ONchXvr] new_master {ONchXvr}{ONchXvrySBCTvcPUSMc4Jg}{BCHWj_8ASbKkLd-zLrcxNg}{172.20.10.3}{172.20.10.3:9300}, reason: zen-disco-elected-as-master ([0] nodes joined)
[2018-05-01T20:15:08,123][INFO ][o.e.h.n.Netty4HttpServerTransport] [ONchXvr] publish_address {172.20.10.3:9200}, bound_addresses {[::]:9200}
[2018-05-01T20:15:08,124][INFO ][o.e.n.Node               ] [ONchXvr] started
[2018-05-01T20:15:08,342][INFO ][o.e.g.GatewayService     ] [ONchXvr] recovered [1] indices into cluster_state
[2018-05-01T20:15:08,611][INFO ][o.e.c.r.a.AllocationService] [ONchXvr] Cluster health status changed from [RED] to [YELLOW] (reason: [shards started [[customer][2]] ...]).
[2018-05-01T20:15:10,309][INFO ][o.e.n.Node               ] [ONchXvr] stopping ...
[2018-05-01T20:15:10,340][INFO ][o.e.n.Node               ] [ONchXvr] stopped
[2018-05-01T20:15:10,341][INFO ][o.e.n.Node               ] [ONchXvr] closing ...
[2018-05-01T20:15:10,350][INFO ][o.e.n.Node               ] [ONchXvr] closed
[2018-05-01T20:33:22,584][INFO ][o.e.n.Node               ] [] initializing ...
[2018-05-01T20:33:22,866][INFO ][o.e.e.NodeEnvironment    ] [ONchXvr] using [1] data paths, mounts [[/ (/dev/disk1)]], net usable_space [5.2gb], net total_space [232.6gb], spins? [unknown], types [hfs]
[2018-05-01T20:33:22,867][INFO ][o.e.e.NodeEnvironment    ] [ONchXvr] heap size [1.9gb], compressed ordinary object pointers [true]
[2018-05-01T20:33:22,901][INFO ][o.e.n.Node               ] node name [ONchXvr] derived from node ID [ONchXvrySBCTvcPUSMc4Jg]; set [node.name] to override
[2018-05-01T20:33:22,901][INFO ][o.e.n.Node               ] version[5.6.8], pid[2208], build[688ecce/2018-02-16T16:46:30.010Z], OS[Mac OS X/10.10.5/x86_64], JVM[Oracle Corporation/Java HotSpot(TM) 64-Bit Server VM/1.8.0_112/25.112-b16]
[2018-05-01T20:33:22,901][INFO ][o.e.n.Node               ] JVM arguments [-Xms2g, -Xmx2g, -XX:+UseConcMarkSweepGC, -XX:CMSInitiatingOccupancyFraction=75, -XX:+UseCMSInitiatingOccupancyOnly, -XX:+AlwaysPreTouch, -Xss1m, -Djava.awt.headless=true, -Dfile.encoding=UTF-8, -Djna.nosys=true, -Djdk.io.permissionsUseCanonicalPath=true, -Dio.netty.noUnsafe=true, -Dio.netty.noKeySetOptimization=true, -Dio.netty.recycler.maxCapacityPerThread=0, -Dlog4j.shutdownHookEnabled=false, -Dlog4j2.disable.jmx=true, -Dlog4j.skipJansi=true, -XX:+HeapDumpOnOutOfMemoryError, -Des.path.home=/Users/jack/Desktop/person/springboot/资料/第12章/elasticsearch-5.6.8]
[2018-05-01T20:33:25,529][INFO ][o.e.p.PluginsService     ] [ONchXvr] loaded module [aggs-matrix-stats]
[2018-05-01T20:33:25,530][INFO ][o.e.p.PluginsService     ] [ONchXvr] loaded module [ingest-common]
[2018-05-01T20:33:25,530][INFO ][o.e.p.PluginsService     ] [ONchXvr] loaded module [lang-expression]
[2018-05-01T20:33:25,530][INFO ][o.e.p.PluginsService     ] [ONchXvr] loaded module [lang-groovy]
[2018-05-01T20:33:25,531][INFO ][o.e.p.PluginsService     ] [ONchXvr] loaded module [lang-mustache]
[2018-05-01T20:33:25,531][INFO ][o.e.p.PluginsService     ] [ONchXvr] loaded module [lang-painless]
[2018-05-01T20:33:25,531][INFO ][o.e.p.PluginsService     ] [ONchXvr] loaded module [parent-join]
[2018-05-01T20:33:25,531][INFO ][o.e.p.PluginsService     ] [ONchXvr] loaded module [percolator]
[2018-05-01T20:33:25,531][INFO ][o.e.p.PluginsService     ] [ONchXvr] loaded module [reindex]
[2018-05-01T20:33:25,532][INFO ][o.e.p.PluginsService     ] [ONchXvr] loaded module [transport-netty3]
[2018-05-01T20:33:25,532][INFO ][o.e.p.PluginsService     ] [ONchXvr] loaded module [transport-netty4]
[2018-05-01T20:33:25,533][INFO ][o.e.p.PluginsService     ] [ONchXvr] no plugins loaded
[2018-05-01T20:33:30,891][INFO ][o.e.d.DiscoveryModule    ] [ONchXvr] using discovery type [zen]
[2018-05-01T20:33:32,457][INFO ][o.e.n.Node               ] initialized
[2018-05-01T20:33:32,457][INFO ][o.e.n.Node               ] [ONchXvr] starting ...
[2018-05-01T20:33:33,244][INFO ][o.e.t.TransportService   ] [ONchXvr] publish_address {172.20.10.3:9300}, bound_addresses {[::]:9300}
[2018-05-01T20:33:33,256][INFO ][o.e.b.BootstrapChecks    ] [ONchXvr] bound or publishing to a non-loopback address, enforcing bootstrap checks
[2018-05-01T20:33:36,356][INFO ][o.e.c.s.ClusterService   ] [ONchXvr] new_master {ONchXvr}{ONchXvrySBCTvcPUSMc4Jg}{XCLxiTLOR9WZ7OYcXTzLmw}{172.20.10.3}{172.20.10.3:9300}, reason: zen-disco-elected-as-master ([0] nodes joined)
[2018-05-01T20:33:36,401][INFO ][o.e.h.n.Netty4HttpServerTransport] [ONchXvr] publish_address {172.20.10.3:9200}, bound_addresses {[::]:9200}
[2018-05-01T20:33:36,401][INFO ][o.e.n.Node               ] [ONchXvr] started
[2018-05-01T20:33:36,758][INFO ][o.e.g.GatewayService     ] [ONchXvr] recovered [1] indices into cluster_state
[2018-05-01T20:33:37,287][INFO ][o.e.c.r.a.AllocationService] [ONchXvr] Cluster health status changed from [RED] to [YELLOW] (reason: [shards started [[customer][2]] ...]).
[2018-05-01T20:34:04,528][INFO ][o.e.c.m.MetaDataCreateIndexService] [ONchXvr] [blog] creating index, cause [api], templates [], shards [5]/[1], mappings []
[2018-05-01T20:34:04,869][INFO ][o.e.c.m.MetaDataMappingService] [ONchXvr] [blog/9iHjBqXYTTWUhfPUc-PH5A] create_mapping [article]
[2018-05-01T20:34:06,424][WARN ][o.e.c.r.a.DiskThresholdMonitor] [ONchXvr] high disk watermark [90%] exceeded on [ONchXvrySBCTvcPUSMc4Jg][ONchXvr][/Users/jack/Desktop/person/springboot/资料/第12章/elasticsearch-5.6.8/data/nodes/0] free: 5.2gb[2.2%], shards will be relocated away from this node
[2018-05-01T20:34:06,425][INFO ][o.e.c.r.a.DiskThresholdMonitor] [ONchXvr] rerouting shards: [high disk watermark exceeded on one or more nodes]
[2018-05-01T20:34:28,468][INFO ][o.e.c.m.MetaDataMappingService] [ONchXvr] [blog/9iHjBqXYTTWUhfPUc-PH5A] update_mapping [article]
[2018-05-01T20:34:29,617][WARN ][o.e.m.j.JvmGcMonitorService] [ONchXvr] [gc][57] overhead, spent [668ms] collecting in the last [1s]
[2018-05-01T20:34:36,445][WARN ][o.e.c.r.a.DiskThresholdMonitor] [ONchXvr] high disk watermark [90%] exceeded on [ONchXvrySBCTvcPUSMc4Jg][ONchXvr][/Users/jack/Desktop/person/springboot/资料/第12章/elasticsearch-5.6.8/data/nodes/0] free: 5.2gb[2.2%], shards will be relocated away from this node
[2018-05-01T20:35:06,475][WARN ][o.e.c.r.a.DiskThresholdMonitor] [ONchXvr] high disk watermark [90%] exceeded on [ONchXvrySBCTvcPUSMc4Jg][ONchXvr][/Users/jack/Desktop/person/springboot/资料/第12章/elasticsearch-5.6.8/data/nodes/0] free: 5.1gb[2.2%], shards will be relocated away from this node
[2018-05-01T20:35:06,477][INFO ][o.e.c.r.a.DiskThresholdMonitor] [ONchXvr] rerouting shards: [high disk watermark exceeded on one or more nodes]
[2018-05-01T20:35:36,502][WARN ][o.e.c.r.a.DiskThresholdMonitor] [ONchXvr] high disk watermark [90%] exceeded on [ONchXvrySBCTvcPUSMc4Jg][ONchXvr][/Users/jack/Desktop/person/springboot/资料/第12章/elasticsearch-5.6.8/data/nodes/0] free: 5.1gb[2.2%], shards will be relocated away from this node
[2018-05-01T20:36:06,525][WARN ][o.e.c.r.a.DiskThresholdMonitor] [ONchXvr] high disk watermark [90%] exceeded on [ONchXvrySBCTvcPUSMc4Jg][ONchXvr][/Users/jack/Desktop/person/springboot/资料/第12章/elasticsearch-5.6.8/data/nodes/0] free: 5.1gb[2.2%], shards will be relocated away from this node
[2018-05-01T20:36:06,528][INFO ][o.e.c.r.a.DiskThresholdMonitor] [ONchXvr] rerouting shards: [high disk watermark exceeded on one or more nodes]
[2018-05-01T20:36:36,556][WARN ][o.e.c.r.a.DiskThresholdMonitor] [ONchXvr] high disk watermark [90%] exceeded on [ONchXvrySBCTvcPUSMc4Jg][ONchXvr][/Users/jack/Desktop/person/springboot/资料/第12章/elasticsearch-5.6.8/data/nodes/0] free: 5.1gb[2.2%], shards will be relocated away from this node
[2018-05-01T20:37:06,580][WARN ][o.e.c.r.a.DiskThresholdMonitor] [ONchXvr] high disk watermark [90%] exceeded on [ONchXvrySBCTvcPUSMc4Jg][ONchXvr][/Users/jack/Desktop/person/springboot/资料/第12章/elasticsearch-5.6.8/data/nodes/0] free: 5.1gb[2.1%], shards will be relocated away from this node
[2018-05-01T20:37:06,580][INFO ][o.e.c.r.a.DiskThresholdMonitor] [ONchXvr] rerouting shards: [high disk watermark exceeded on one or more nodes]
[2018-05-01T20:37:36,604][WARN ][o.e.c.r.a.DiskThresholdMonitor] [ONchXvr] high disk watermark [90%] exceeded on [ONchXvrySBCTvcPUSMc4Jg][ONchXvr][/Users/jack/Desktop/person/springboot/资料/第12章/elasticsearch-5.6.8/data/nodes/0] free: 5.1gb[2.1%], shards will be relocated away from this node
[2018-05-01T20:38:06,635][WARN ][o.e.c.r.a.DiskThresholdMonitor] [ONchXvr] high disk watermark [90%] exceeded on [ONchXvrySBCTvcPUSMc4Jg][ONchXvr][/Users/jack/Desktop/person/springboot/资料/第12章/elasticsearch-5.6.8/data/nodes/0] free: 5gb[2.1%], shards will be relocated away from this node
[2018-05-01T20:38:06,639][INFO ][o.e.c.r.a.DiskThresholdMonitor] [ONchXvr] rerouting shards: [high disk watermark exceeded on one or more nodes]
[2018-05-01T20:38:36,666][WARN ][o.e.c.r.a.DiskThresholdMonitor] [ONchXvr] high disk watermark [90%] exceeded on [ONchXvrySBCTvcPUSMc4Jg][ONchXvr][/Users/jack/Desktop/person/springboot/资料/第12章/elasticsearch-5.6.8/data/nodes/0] free: 5gb[2.1%], shards will be relocated away from this node
[2018-05-01T20:39:06,696][WARN ][o.e.c.r.a.DiskThresholdMonitor] [ONchXvr] high disk watermark [90%] exceeded on [ONchXvrySBCTvcPUSMc4Jg][ONchXvr][/Users/jack/Desktop/person/springboot/资料/第12章/elasticsearch-5.6.8/data/nodes/0] free: 5gb[2.1%], shards will be relocated away from this node
[2018-05-01T20:39:06,699][INFO ][o.e.c.r.a.DiskThresholdMonitor] [ONchXvr] rerouting shards: [high disk watermark exceeded on one or more nodes]
[2018-05-01T20:39:36,725][WARN ][o.e.c.r.a.DiskThresholdMonitor] [ONchXvr] high disk watermark [90%] exceeded on [ONchXvrySBCTvcPUSMc4Jg][ONchXvr][/Users/jack/Desktop/person/springboot/资料/第12章/elasticsearch-5.6.8/data/nodes/0] free: 5gb[2.1%], shards will be relocated away from this node
[2018-05-01T20:40:06,753][WARN ][o.e.c.r.a.DiskThresholdMonitor] [ONchXvr] high disk watermark [90%] exceeded on [ONchXvrySBCTvcPUSMc4Jg][ONchXvr][/Users/jack/Desktop/person/springboot/资料/第12章/elasticsearch-5.6.8/data/nodes/0] free: 5gb[2.1%], shards will be relocated away from this node
[2018-05-01T20:40:06,755][INFO ][o.e.c.r.a.DiskThresholdMonitor] [ONchXvr] rerouting shards: [high disk watermark exceeded on one or more nodes]
[2018-05-01T20:40:36,783][WARN ][o.e.c.r.a.DiskThresholdMonitor] [ONchXvr] high disk watermark [90%] exceeded on [ONchXvrySBCTvcPUSMc4Jg][ONchXvr][/Users/jack/Desktop/person/springboot/资料/第12章/elasticsearch-5.6.8/data/nodes/0] free: 4.9gb[2.1%], shards will be relocated away from this node
[2018-05-01T20:41:06,810][WARN ][o.e.c.r.a.DiskThresholdMonitor] [ONchXvr] high disk watermark [90%] exceeded on [ONchXvrySBCTvcPUSMc4Jg][ONchXvr][/Users/jack/Desktop/person/springboot/资料/第12章/elasticsearch-5.6.8/data/nodes/0] free: 4.9gb[2.1%], shards will be relocated away from this node
[2018-05-01T20:41:06,814][INFO ][o.e.c.r.a.DiskThresholdMonitor] [ONchXvr] rerouting shards: [high disk watermark exceeded on one or more nodes]
[2018-05-01T20:41:36,837][WARN ][o.e.c.r.a.DiskThresholdMonitor] [ONchXvr] high disk watermark [90%] exceeded on [ONchXvrySBCTvcPUSMc4Jg][ONchXvr][/Users/jack/Desktop/person/springboot/资料/第12章/elasticsearch-5.6.8/data/nodes/0] free: 3.8gb[1.6%], shards will be relocated away from this node
[2018-05-01T20:42:06,865][WARN ][o.e.c.r.a.DiskThresholdMonitor] [ONchXvr] high disk watermark [90%] exceeded on [ONchXvrySBCTvcPUSMc4Jg][ONchXvr][/Users/jack/Desktop/person/springboot/资料/第12章/elasticsearch-5.6.8/data/nodes/0] free: 3.8gb[1.6%], shards will be relocated away from this node
[2018-05-01T20:42:06,867][INFO ][o.e.c.r.a.DiskThresholdMonitor] [ONchXvr] rerouting shards: [high disk watermark exceeded on one or more nodes]
[2018-05-01T20:42:36,891][WARN ][o.e.c.r.a.DiskThresholdMonitor] [ONchXvr] high disk watermark [90%] exceeded on [ONchXvrySBCTvcPUSMc4Jg][ONchXvr][/Users/jack/Desktop/person/springboot/资料/第12章/elasticsearch-5.6.8/data/nodes/0] free: 3.8gb[1.6%], shards will be relocated away from this node
[2018-05-01T20:43:06,921][WARN ][o.e.c.r.a.DiskThresholdMonitor] [ONchXvr] high disk watermark [90%] exceeded on [ONchXvrySBCTvcPUSMc4Jg][ONchXvr][/Users/jack/Desktop/person/springboot/资料/第12章/elasticsearch-5.6.8/data/nodes/0] free: 3.8gb[1.6%], shards will be relocated away from this node
[2018-05-01T20:43:06,924][INFO ][o.e.c.r.a.DiskThresholdMonitor] [ONchXvr] rerouting shards: [high disk watermark exceeded on one or more nodes]
[2018-05-01T20:43:36,946][WARN ][o.e.c.r.a.DiskThresholdMonitor] [ONchXvr] high disk watermark [90%] exceeded on [ONchXvrySBCTvcPUSMc4Jg][ONchXvr][/Users/jack/Desktop/person/springboot/资料/第12章/elasticsearch-5.6.8/data/nodes/0] free: 3.8gb[1.6%], shards will be relocated away from this node
[2018-05-01T20:44:06,965][WARN ][o.e.c.r.a.DiskThresholdMonitor] [ONchXvr] high disk watermark [90%] exceeded on [ONchXvrySBCTvcPUSMc4Jg][ONchXvr][/Users/jack/Desktop/person/springboot/资料/第12章/elasticsearch-5.6.8/data/nodes/0] free: 3.8gb[1.6%], shards will be relocated away from this node
[2018-05-01T20:44:06,971][INFO ][o.e.c.r.a.DiskThresholdMonitor] [ONchXvr] rerouting shards: [high disk watermark exceeded on one or more nodes]
[2018-05-01T20:44:36,991][WARN ][o.e.c.r.a.DiskThresholdMonitor] [ONchXvr] high disk watermark [90%] exceeded on [ONchXvrySBCTvcPUSMc4Jg][ONchXvr][/Users/jack/Desktop/person/springboot/资料/第12章/elasticsearch-5.6.8/data/nodes/0] free: 3.8gb[1.6%], shards will be relocated away from this node
[2018-05-01T20:45:07,011][WARN ][o.e.c.r.a.DiskThresholdMonitor] [ONchXvr] high disk watermark [90%] exceeded on [ONchXvrySBCTvcPUSMc4Jg][ONchXvr][/Users/jack/Desktop/person/springboot/资料/第12章/elasticsearch-5.6.8/data/nodes/0] free: 3.8gb[1.6%], shards will be relocated away from this node
[2018-05-01T20:45:07,014][INFO ][o.e.c.r.a.DiskThresholdMonitor] [ONchXvr] rerouting shards: [high disk watermark exceeded on one or more nodes]
[2018-05-01T20:45:37,029][WARN ][o.e.c.r.a.DiskThresholdMonitor] [ONchXvr] high disk watermark [90%] exceeded on [ONchXvrySBCTvcPUSMc4Jg][ONchXvr][/Users/jack/Desktop/person/springboot/资料/第12章/elasticsearch-5.6.8/data/nodes/0] free: 3.7gb[1.6%], shards will be relocated away from this node
[2018-05-01T20:46:07,054][WARN ][o.e.c.r.a.DiskThresholdMonitor] [ONchXvr] high disk watermark [90%] exceeded on [ONchXvrySBCTvcPUSMc4Jg][ONchXvr][/Users/jack/Desktop/person/springboot/资料/第12章/elasticsearch-5.6.8/data/nodes/0] free: 3.7gb[1.6%], shards will be relocated away from this node
[2018-05-01T20:46:07,057][INFO ][o.e.c.r.a.DiskThresholdMonitor] [ONchXvr] rerouting shards: [high disk watermark exceeded on one or more nodes]
[2018-05-01T20:46:37,084][WARN ][o.e.c.r.a.DiskThresholdMonitor] [ONchXvr] high disk watermark [90%] exceeded on [ONchXvrySBCTvcPUSMc4Jg][ONchXvr][/Users/jack/Desktop/person/springboot/资料/第12章/elasticsearch-5.6.8/data/nodes/0] free: 3.7gb[1.6%], shards will be relocated away from this node
[2018-05-01T20:47:07,113][WARN ][o.e.c.r.a.DiskThresholdMonitor] [ONchXvr] high disk watermark [90%] exceeded on [ONchXvrySBCTvcPUSMc4Jg][ONchXvr][/Users/jack/Desktop/person/springboot/资料/第12章/elasticsearch-5.6.8/data/nodes/0] free: 3.7gb[1.6%], shards will be relocated away from this node
[2018-05-01T20:47:07,117][INFO ][o.e.c.r.a.DiskThresholdMonitor] [ONchXvr] rerouting shards: [high disk watermark exceeded on one or more nodes]
[2018-05-01T20:47:37,150][WARN ][o.e.c.r.a.DiskThresholdMonitor] [ONchXvr] high disk watermark [90%] exceeded on [ONchXvrySBCTvcPUSMc4Jg][ONchXvr][/Users/jack/Desktop/person/springboot/资料/第12章/elasticsearch-5.6.8/data/nodes/0] free: 3.7gb[1.6%], shards will be relocated away from this node
[2018-05-01T20:47:46,510][INFO ][o.e.n.Node               ] [ONchXvr] stopping ...
[2018-05-01T20:47:46,618][INFO ][o.e.n.Node               ] [ONchXvr] stopped
[2018-05-01T20:47:46,619][INFO ][o.e.n.Node               ] [ONchXvr] closing ...
[2018-05-01T20:47:46,651][INFO ][o.e.n.Node               ] [ONchXvr] closed
